<?xml version='1.0' encoding='UTF-8'?>
<testsuite hostname="e03cdef72928" name="PriceBasketSpec" tests="10" errors="0" failures="0" skipped="0" time="0.098" timestamp="2025-02-11T11:34:32">
          <properties>
      <property name="java.specification.version" value="21"/><property name="sun.jnu.encoding" value="UTF-8"/><property name="sun.arch.data.model" value="64"/><property name="java.vendor.url" value="https://openjdk.org/"/><property name="sun.boot.library.path" value="/nix/store/2vwkssqpzykk37r996cafq7x63imf4sp-openjdk-21+35/lib/openjdk/lib"/><property name="sun.java.command" value="/nix/store/6ga2civ3xb7skalxqliqfw98ph6i227x-sbt-1.10.0/share/sbt/bin/sbt-launch.jar test"/><property name="jdk.debug" value="release"/><property name="java.specification.vendor" value="Oracle Corporation"/><property name="java.version.date" value="2023-09-19"/><property name="java.home" value="/nix/store/2vwkssqpzykk37r996cafq7x63imf4sp-openjdk-21+35/lib/openjdk"/><property name="file.separator" value="/"/><property name="java.vm.compressedOopsMode" value="32-bit"/><property name="line.separator" value="
"/><property name="java.vm.specification.vendor" value="Oracle Corporation"/><property name="java.specification.name" value="Java Platform API Specification"/><property name="sun.management.compiler" value="HotSpot 64-Bit Tiered Compilers"/><property name="java.runtime.version" value="21+35-nixos"/><property name="user.name" value="runner"/><property name="log4j.ignoreTCL" value="true"/><property name="file.encoding" value="UTF-8"/><property name="jnidispatch.path" value="/home/runner/workspace/.cache/JNA/temp/jna998723563428835774.tmp"/><property name="jna.loaded" value="true"/><property name="java.io.tmpdir" value="/tmp"/><property name="java.version" value="21"/><property name="java.vm.specification.name" value="Java Virtual Machine Specification"/><property name="native.encoding" value="UTF-8"/><property name="java.library.path" value="/usr/java/packages/lib:/usr/lib64:/lib64:/lib:/usr/lib"/><property name="stderr.encoding" value="UTF-8"/><property name="java.vendor" value="N/A"/><property name="scala.ext.dirs" value="/home/runner/.sbt/1.0/java9-rt-ext-n_a_21"/><property name="sun.io.unicode.encoding" value="UnicodeLittle"/><property name="java.class.path" value="/nix/store/6ga2civ3xb7skalxqliqfw98ph6i227x-sbt-1.10.0/share/sbt/bin/sbt-launch.jar"/><property name="java.vm.vendor" value="Oracle Corporation"/><property name="jline.shutdownhook" value="false"/><property name="user.timezone" value="GMT"/><property name="java.vm.specification.version" value="21"/><property name="os.name" value="Linux"/><property name="sun.java.launcher" value="SUN_STANDARD"/><property name="user.country" value="US"/><property name="sun.cpu.endian" value="little"/><property name="user.home" value="/home/runner"/><property name="user.language" value="en"/><property name="sbt.script" value="/nix/store/6ga2civ3xb7skalxqliqfw98ph6i227x-sbt-1.10.0/bin/sbt"/><property name="sbt.ipcsocket.tmpdir" value="/tmp/.sbte6558b62/ipcsocket"/><property name="swoval.tmpdir" value="/tmp/.sbte6558b62/swoval"/><property name="jline.esc.timeout" value="0"/><property name="stdout.encoding" value="UTF-8"/><property name="path.separator" value=":"/><property name="os.version" value="6.2.16"/><property name="jna.nosys" value="true"/><property name="java.runtime.name" value="OpenJDK Runtime Environment"/><property name="java.vm.name" value="OpenJDK 64-Bit Server VM"/><property name="jna.platform.library.path" value="/usr/lib/x86_64-linux-gnu:/lib/x86_64-linux-gnu:/usr/lib64:/lib64:/usr/lib:/lib"/><property name="java.vendor.url.bug" value="https://bugreport.java.com/bugreport/"/><property name="user.dir" value="/home/runner/workspace"/><property name="os.arch" value="amd64"/><property name="java.vm.info" value="mixed mode, sharing"/><property name="java.vm.version" value="21+35-nixos"/><property name="java.class.version" value="65.0"/>
    </properties>
          <testcase classname="PriceBasketSpec" name="A ShoppingBasket should calculate correct totals when no discount is applicable" time="0.027">
                      
                    </testcase><testcase classname="PriceBasketSpec" name="A ShoppingBasket should apply soup and bread discount correctly" time="0.008">
                      
                    </testcase><testcase classname="PriceBasketSpec" name="A ShoppingBasket should resolve item names regardless of case" time="0.001">
                      
                    </testcase><testcase classname="PriceBasketSpec" name="A ShoppingBasket should handle an empty basket" time="0.0">
                      
                    </testcase><testcase classname="PriceBasketSpec" name="A ShoppingBasket should apply apples discount correctly" time="0.0">
                      
                    </testcase><testcase classname="PriceBasketSpec" name="A ShoppingBasket should apply combined discounts correctly" time="0.008">
                      
                    </testcase><testcase classname="PriceBasketSpec" name="A ShoppingBasket should handle large quantities of items correctly" time="0.005">
                      
                    </testcase><testcase classname="PriceBasketSpec" name="A ShoppingBasket should ignore unknown items" time="0.045">
                      
                    </testcase><testcase classname="PriceBasketSpec" name="A ShoppingBasket should reject items with any typos" time="0.001">
                      
                    </testcase><testcase classname="PriceBasketSpec" name="A ShoppingBasket should handle maximal input of 1000 items correctly" time="0.003">
                      
                    </testcase>
          <system-out><![CDATA[]]></system-out>
          <system-err><![CDATA[]]></system-err>
        </testsuite>